<?xml version="1.0" encoding="UTF-8"?>
<coverage generated="1650240414214" clover="3.2.0">
  <project timestamp="1650240414214" name="All files">
    <metrics statements="3" coveredstatements="3" conditionals="0" coveredconditionals="0" methods="1" coveredmethods="1" elements="4" coveredelements="4" complexity="0" loc="3" ncloc="3" packages="1" files="2" classes="2"/>
    <file name="ActionButton.vue" path="/Users/corvindesigns/Documents/vue-mastery/job-search/src/components/ActionButton.vue">
      <metrics statements="1" coveredstatements="1" conditionals="0" coveredconditionals="0" methods="0" coveredmethods="0"/>
      <line num="10" count="1" type="stmt"/>
    </file>
    <file name="ProfileImage.vue" path="/Users/corvindesigns/Documents/vue-mastery/job-search/src/components/ProfileImage.vue">
      <metrics statements="2" coveredstatements="2" conditionals="0" coveredconditionals="0" methods="1" coveredmethods="1"/>
      <line num="10" count="1" type="stmt"/>
      <line num="13" count="1" type="stmt"/>
    </file>
  </project>
</coverage>
